<?xml version="1.0" encoding="UTF-8"?>
<testng-results ignored="0" total="1" passed="1" failed="0" skipped="0">
  <reporter-output>
  </reporter-output>
  <suite started-at="2022-09-19T09:27:19 IST" name="Default suite" finished-at="2022-09-19T09:27:32 IST" duration-ms="12482">
    <groups>
    </groups>
    <test started-at="2022-09-19T09:27:19 IST" name="Default test" finished-at="2022-09-19T09:27:32 IST" duration-ms="12482">
      <class name="mobile_world.Sign_In">
        <test-method signature="sign()[pri:0, instance:mobile_world.Sign_In@6bedbc4d]" started-at="2022-09-19T09:27:19 IST" name="sign" finished-at="2022-09-19T09:27:32 IST" duration-ms="12416" status="PASS">
          <reporter-output>
          </reporter-output>
        </test-method> <!-- sign -->
      </class> <!-- mobile_world.Sign_In -->
    </test> <!-- Default test -->
  </suite> <!-- Default suite -->
</testng-results>
